  Functions.cpp
c:\users\icewind\source\repos\password\password\functions.h(17): error C2061: syntax error: identifier 'Generator'
c:\users\icewind\source\repos\password\password\functions.cpp(58): error C2061: syntax error: identifier 'Generator'
c:\users\icewind\source\repos\password\password\functions.cpp(64): error C2065: 'gen': undeclared identifier
c:\users\icewind\source\repos\password\password\functions.cpp(64): error C2228: left of '.create_password' must have class/struct/union
  c:\users\icewind\source\repos\password\password\functions.cpp(64): note: type is 'unknown-type'
  Generator.cpp
c:\users\icewind\source\repos\password\password\generator.h(16): error C2065: 'MODES': undeclared identifier
c:\users\icewind\source\repos\password\password\generator.h(17): error C2065: 'MODES': undeclared identifier
c:\users\icewind\source\repos\password\password\generator.h(21): error C4430: missing type specifier - int assumed. Note: C++ does not support default-int
c:\users\icewind\source\repos\password\password\generator.h(21): error C2143: syntax error: missing ',' before '&'
c:\users\icewind\source\repos\password\password\generator.cpp(2): error C4430: missing type specifier - int assumed. Note: C++ does not support default-int
c:\users\icewind\source\repos\password\password\generator.cpp(2): error C2143: syntax error: missing ',' before '&'
c:\users\icewind\source\repos\password\password\generator.h(16): error C2065: 'issymbol': undeclared identifier
c:\users\icewind\source\repos\password\password\generator.h(16): error C2078: too many initializers
c:\users\icewind\source\repos\password\password\generator.h(18): error C2065: 'has_letters': undeclared identifier
c:\users\icewind\source\repos\password\password\generator.h(18): error C2065: 'has_numbers': undeclared identifier
c:\users\icewind\source\repos\password\password\generator.h(18): error C2065: 'has_symbols_and_numbers': undeclared identifier
c:\users\icewind\source\repos\password\password\generator.h(18): error C2078: too many initializers
c:\users\icewind\source\repos\password\password\generator.cpp(4): error C2065: 'opt': undeclared identifier
c:\users\icewind\source\repos\password\password\generator.cpp(4): error C2228: left of '.get_mode' must have class/struct/union
  c:\users\icewind\source\repos\password\password\generator.cpp(4): note: type is 'unknown-type'
c:\users\icewind\source\repos\password\password\generator.cpp(5): error C2065: 'opt': undeclared identifier
c:\users\icewind\source\repos\password\password\generator.cpp(5): error C2228: left of '.get_length' must have class/struct/union
  c:\users\icewind\source\repos\password\password\generator.cpp(5): note: type is 'unknown-type'
  Options.cpp
c:\users\icewind\source\repos\password\password\options.cpp(5): error C2065: 'MIN_LENGTH': undeclared identifier
c:\users\icewind\source\repos\password\password\options.cpp(10): error C3861: 'input': identifier not found
c:\users\icewind\source\repos\password\password\options.cpp(14): error C2065: 'mode_menu': undeclared identifier
c:\users\icewind\source\repos\password\password\options.cpp(14): error C2065: 'MODES': undeclared identifier
c:\users\icewind\source\repos\password\password\options.cpp(18): error C2065: 'length_menu': undeclared identifier
c:\users\icewind\source\repos\password\password\options.cpp(18): error C2065: 'MIN_LENGTH': undeclared identifier
c:\users\icewind\source\repos\password\password\options.cpp(18): error C2065: 'MAX_LENGTH': undeclared identifier
  Password.cpp
c:\users\icewind\source\repos\password\password\functions.h(17): error C2061: syntax error: identifier 'Generator'
c:\users\icewind\source\repos\password\password\password.cpp(17): error C2660: 'in_file': function does not take 2 arguments
  Generating Code...
